<?xml version="1.0" encoding="UTF-8"?>
<!-- Generated by org.testng.reporters.JUnitXMLReporter -->
<testsuite hostname="DESKTOP-H3BL2K3" failures="0" tests="1" name="UserDashboardRecentcertificateGenerationsCertificateTypedropdownChromeBrowser" time="16.225" errors="0" timestamp="29 Jan 2024 10:10:21 GMT">
  <testcase classname="com.cucumber.TestRunner.UserDashboardRecentCertificateGenerationsCertificateTypedropdownRunner" name="@BeforeClass beforeclass" time="0.0">
    <failure type="org.openqa.selenium.SessionNotCreatedException" message="Could not start a new session. Response code 500. Message: session not created: This version of ChromeDriver only supports Chrome version 119
Current browser version is 121.0.6167.86 with binary path C:\Program Files\Google\Chrome\Application\chrome.exe 
Host info: host: &amp;apos;DESKTOP-H3BL2K3&amp;apos;, ip: &amp;apos;192.168.0.157&amp;apos;
Build info: version: &amp;apos;4.12.1&amp;apos;, revision: &amp;apos;8e34639b11&amp;apos;
System info: os.name: &amp;apos;Windows 10&amp;apos;, os.arch: &amp;apos;amd64&amp;apos;, os.version: &amp;apos;10.0&amp;apos;, java.version: &amp;apos;17.0.9&amp;apos;
Driver info: org.openqa.selenium.chrome.ChromeDriver
Command: [null, newSession {capabilities=[Capabilities {browserName: chrome, goog:chromeOptions: {args: [--remote-allow-origins=*], binary: C:\Program Files\Google\Chr..., extensions: []}}]}]">
      <![CDATA[org.openqa.selenium.SessionNotCreatedException: Could not start a new session. Response code 500. Message: session not created: This version of ChromeDriver only supports Chrome version 119
Current browser version is 121.0.6167.86 with binary path C:\Program Files\Google\Chrome\Application\chrome.exe 
Host info: host: 'DESKTOP-H3BL2K3', ip: '192.168.0.157'
Build info: version: '4.12.1', revision: '8e34639b11'
System info: os.name: 'Windows 10', os.arch: 'amd64', os.version: '10.0', java.version: '17.0.9'
Driver info: org.openqa.selenium.chrome.ChromeDriver
Command: [null, newSession {capabilities=[Capabilities {browserName: chrome, goog:chromeOptions: {args: [--remote-allow-origins=*], binary: C:\Program Files\Google\Chr..., extensions: []}}]}]
	at org.openqa.selenium.remote.ProtocolHandshake.createSession(ProtocolHandshake.java:140)
	at org.openqa.selenium.remote.ProtocolHandshake.createSession(ProtocolHandshake.java:96)
	at org.openqa.selenium.remote.ProtocolHandshake.createSession(ProtocolHandshake.java:68)
	at org.openqa.selenium.remote.HttpCommandExecutor.execute(HttpCommandExecutor.java:163)
	at org.openqa.selenium.remote.service.DriverCommandExecutor.invokeExecute(DriverCommandExecutor.java:196)
	at org.openqa.selenium.remote.service.DriverCommandExecutor.execute(DriverCommandExecutor.java:171)
	at org.openqa.selenium.remote.RemoteWebDriver.execute(RemoteWebDriver.java:602)
	at org.openqa.selenium.remote.RemoteWebDriver.startSession(RemoteWebDriver.java:236)
	at org.openqa.selenium.remote.RemoteWebDriver.<init>(RemoteWebDriver.java:163)
	at org.openqa.selenium.chromium.ChromiumDriver.<init>(ChromiumDriver.java:108)
	at org.openqa.selenium.chrome.ChromeDriver.<init>(ChromeDriver.java:88)
	at org.openqa.selenium.chrome.ChromeDriver.<init>(ChromeDriver.java:83)
	at org.openqa.selenium.chrome.ChromeDriver.<init>(ChromeDriver.java:72)
	at com.cucumber.managers.WebDriverManager.launchBrowser(WebDriverManager.java:53)
	at com.cucumber.TestRunner.UserDashboardRecentCertificateGenerationsCertificateTypedropdownRunner.beforeclass(UserDashboardRecentCertificateGenerationsCertificateTypedropdownRunner.java:41)
... Removed 28 stack frames]]>
    </failure>
  </testcase> <!-- @BeforeClass beforeclass -->
  <testcase classname="com.cucumber.TestRunner.UserDashboardRecentCertificateGenerationsCertificateTypedropdownRunner" name="@AfterClass testDownClass" time="0.0">
    <failure type="java.lang.NullPointerException" message="Cannot invoke &amp;quot;com.aventstack.extentreports.ExtentTest.addScreenCaptureFromPath(String)&amp;quot; because the return value of &amp;quot;com.cucumber.listener.Reporter.getCurrentStep()&amp;quot; is null">
      <![CDATA[java.lang.NullPointerException: Cannot invoke "com.aventstack.extentreports.ExtentTest.addScreenCaptureFromPath(String)" because the return value of "com.cucumber.listener.Reporter.getCurrentStep()" is null
	at com.cucumber.listener.Reporter.addScreenCaptureFromPath(Reporter.java:94)
	at com.cucumber.TestRunner.UserDashboardRecentCertificateGenerationsCertificateTypedropdownRunner.testDownClass(UserDashboardRecentCertificateGenerationsCertificateTypedropdownRunner.java:54)
... Removed 28 stack frames]]>
    </failure>
  </testcase> <!-- @AfterClass testDownClass -->
  <testcase classname="com.cucumber.TestRunner.UserDashboardRecentCertificateGenerationsCertificateTypedropdownRunner" name="feature" time="0.001">
    <skipped/>
  </testcase> <!-- feature -->
</testsuite> <!-- UserDashboardRecentcertificateGenerationsCertificateTypedropdownChromeBrowser -->
